<?xml version="1.0" encoding="UTF-8"?>
<!-- Generated by org.testng.reporters.JUnitReportReporter -->
<testsuite hostname="DESKTOP-G4N5CJG" failures="0" tests="1" name="com.sampleTestScript.TestScript1" time="0.018" errors="0" timestamp="2024-07-26T15:22:20 IST" skipped="0">
  <testcase classname="com.sampleTestScript.TestScript1" name="executeteScript" time="0.018">
    <system-out>
      <![CDATA[learing maven]]>
    </system-out>
  </testcase> <!-- executeteScript -->
  <system-out>
    <![CDATA[learing maven]]>
  </system-out>
</testsuite> <!-- com.sampleTestScript.TestScript1 -->
